<?xml version="1.0" encoding="UTF-8"?>
<!-- Generated by org.testng.reporters.JUnitXMLReporter -->
<testsuite hostname="ajitbiswas-laptop" ignored="0" name="Test" tests="3" failures="0" timestamp="02 Apr 2018 12:29:36 GMT" time="68.821" errors="0">
  <testcase name="testValidLogin" time="5.063" classname="scripts.TestValidLogin"/>
  <testcase name="testInvalidLogin" time="12.575" classname="scripts.TestInvalidLogin"/>
  <testcase name="testProductVersion" time="11.781" classname="scripts.VerifyProductVersion"/>
</testsuite> <!-- Test -->
